{"/home/mathieson/code/meansofproduction/mop-domain/src/entities/lenders/mop-domain/src/entities/lenders/individualDistributedLender.ts": {"path":"/home/mathieson/code/meansofproduction/mop-domain/src/entities/lenders/mop-domain/src/entities/lenders/individualDistributedLender.ts","statementMap":{"0":{"start":{"line":2,"column":0},"end":{"line":2,"column":33}},"1":{"start":{"line":17,"column":8},"end":{"line":17,"column":null}},"2":{"start":{"line":18,"column":8},"end":{"line":18,"column":null}},"3":{"start":{"line":19,"column":8},"end":{"line":19,"column":null}},"4":{"start":{"line":24,"column":8},"end":{"line":24,"column":null}},"5":{"start":{"line":28,"column":8},"end":{"line":28,"column":null}},"6":{"start":{"line":32,"column":8},"end":{"line":32,"column":null}},"7":{"start":{"line":36,"column":8},"end":{"line":36,"column":null}},"8":{"start":{"line":36,"column":43},"end":{"line":36,"column":79}},"9":{"start":{"line":37,"column":8},"end":{"line":37,"column":null}},"10":{"start":{"line":12,"column":0},"end":{"line":12,"column":13}}},"fnMap":{"0":{"name":"(anonymous_0)","decl":{"start":{"line":16,"column":4},"end":{"line":16,"column":16}},"loc":{"start":{"line":16,"column":133},"end":{"line":20,"column":5}}},"1":{"name":"(anonymous_1)","decl":{"start":{"line":22,"column":4},"end":{"line":22,"column":15}},"loc":{"start":{"line":22,"column":27},"end":{"line":25,"column":5}}},"2":{"name":"(anonymous_2)","decl":{"start":{"line":26,"column":4},"end":{"line":26,"column":16}},"loc":{"start":{"line":26,"column":28},"end":{"line":29,"column":5}}},"3":{"name":"(anonymous_3)","decl":{"start":{"line":31,"column":4},"end":{"line":31,"column":8}},"loc":{"start":{"line":31,"column":13},"end":{"line":33,"column":5}}},"4":{"name":"(anonymous_4)","decl":{"start":{"line":35,"column":4},"end":{"line":35,"column":27}},"loc":{"start":{"line":35,"column":40},"end":{"line":38,"column":5}}}},"branchMap":{"0":{"loc":{"start":{"line":16,"column":46},"end":{"line":16,"column":73}},"type":"default-arg","locations":[{"start":{"line":16,"column":71},"end":{"line":16,"column":73}}]},"1":{"loc":{"start":{"line":36,"column":8},"end":{"line":36,"column":null}},"type":"if","locations":[{"start":{"line":36,"column":8},"end":{"line":36,"column":null}}]}},"s":{"0":1,"1":3,"2":3,"3":3,"4":0,"5":0,"6":2,"7":2,"8":0,"9":2,"10":1},"f":{"0":3,"1":0,"2":0,"3":2,"4":2},"b":{"0":[0],"1":[0]}}
,"/home/mathieson/code/meansofproduction/mop-domain/src/entities/libraries/mop-domain/src/entities/libraries/distributedLibrary.ts": {"path":"/home/mathieson/code/meansofproduction/mop-domain/src/entities/libraries/mop-domain/src/entities/libraries/distributedLibrary.ts","statementMap":{"0":{"start":{"line":4,"column":0},"end":{"line":4,"column":57}},"1":{"start":{"line":5,"column":0},"end":{"line":5,"column":36}},"2":{"start":{"line":7,"column":0},"end":{"line":7,"column":55}},"3":{"start":{"line":18,"column":8},"end":{"line":18,"column":null}},"4":{"start":{"line":19,"column":8},"end":{"line":19,"column":null}},"5":{"start":{"line":21,"column":8},"end":{"line":21,"column":null}},"6":{"start":{"line":22,"column":8},"end":{"line":22,"column":null}},"7":{"start":{"line":23,"column":8},"end":{"line":23,"column":null}},"8":{"start":{"line":27,"column":8},"end":{"line":27,"column":null}},"9":{"start":{"line":31,"column":8},"end":{"line":31,"column":null}},"10":{"start":{"line":35,"column":20},"end":{"line":35,"column":50}},"11":{"start":{"line":35,"column":45},"end":{"line":35,"column":49}},"12":{"start":{"line":36,"column":8},"end":{"line":38,"column":null}},"13":{"start":{"line":37,"column":12},"end":{"line":37,"column":null}},"14":{"start":{"line":39,"column":8},"end":{"line":39,"column":null}},"15":{"start":{"line":43,"column":20},"end":{"line":43,"column":22}},"16":{"start":{"line":44,"column":8},"end":{"line":48,"column":null}},"17":{"start":{"line":45,"column":12},"end":{"line":47,"column":null}},"18":{"start":{"line":46,"column":16},"end":{"line":46,"column":null}},"19":{"start":{"line":49,"column":8},"end":{"line":49,"column":null}},"20":{"start":{"line":53,"column":20},"end":{"line":53,"column":22}},"21":{"start":{"line":54,"column":8},"end":{"line":58,"column":null}},"22":{"start":{"line":55,"column":12},"end":{"line":57,"column":null}},"23":{"start":{"line":56,"column":16},"end":{"line":56,"column":null}},"24":{"start":{"line":59,"column":8},"end":{"line":59,"column":null}},"25":{"start":{"line":63,"column":8},"end":{"line":69,"column":null}},"26":{"start":{"line":64,"column":12},"end":{"line":68,"column":null}},"27":{"start":{"line":65,"column":16},"end":{"line":67,"column":null}},"28":{"start":{"line":66,"column":20},"end":{"line":66,"column":null}},"29":{"start":{"line":70,"column":8},"end":{"line":70,"column":null}},"30":{"start":{"line":74,"column":8},"end":{"line":74,"column":null}},"31":{"start":{"line":79,"column":23},"end":{"line":79,"column":48}},"32":{"start":{"line":80,"column":8},"end":{"line":82,"column":null}},"33":{"start":{"line":81,"column":12},"end":{"line":81,"column":null}},"34":{"start":{"line":83,"column":8},"end":{"line":90,"column":null}},"35":{"start":{"line":95,"column":8},"end":{"line":95,"column":null}},"36":{"start":{"line":97,"column":8},"end":{"line":97,"column":null}},"37":{"start":{"line":10,"column":0},"end":{"line":10,"column":13}}},"fnMap":{"0":{"name":"(anonymous_0)","decl":{"start":{"line":17,"column":4},"end":{"line":17,"column":16}},"loc":{"start":{"line":17,"column":108},"end":{"line":24,"column":5}}},"1":{"name":"(anonymous_1)","decl":{"start":{"line":26,"column":4},"end":{"line":26,"column":15}},"loc":{"start":{"line":26,"column":19},"end":{"line":28,"column":5}}},"2":{"name":"(anonymous_2)","decl":{"start":{"line":30,"column":4},"end":{"line":30,"column":15}},"loc":{"start":{"line":30,"column":26},"end":{"line":32,"column":5}}},"3":{"name":"(anonymous_3)","decl":{"start":{"line":34,"column":11},"end":{"line":34,"column":20}},"loc":{"start":{"line":34,"column":40},"end":{"line":40,"column":5}}},"4":{"name":"(anonymous_4)","decl":{"start":{"line":35,"column":40},"end":{"line":35,"column":41}},"loc":{"start":{"line":35,"column":45},"end":{"line":35,"column":49}}},"5":{"name":"(anonymous_5)","decl":{"start":{"line":42,"column":4},"end":{"line":42,"column":8}},"loc":{"start":{"line":42,"column":16},"end":{"line":50,"column":5}}},"6":{"name":"(anonymous_6)","decl":{"start":{"line":52,"column":4},"end":{"line":52,"column":8}},"loc":{"start":{"line":52,"column":22},"end":{"line":60,"column":5}}},"7":{"name":"(anonymous_7)","decl":{"start":{"line":62,"column":12},"end":{"line":62,"column":26}},"loc":{"start":{"line":62,"column":39},"end":{"line":71,"column":5}}},"8":{"name":"(anonymous_8)","decl":{"start":{"line":73,"column":12},"end":{"line":73,"column":22}},"loc":{"start":{"line":73,"column":22},"end":{"line":75,"column":5}}},"9":{"name":"(anonymous_9)","decl":{"start":{"line":77,"column":4},"end":{"line":77,"column":10}},"loc":{"start":{"line":77,"column":57},"end":{"line":91,"column":5}}},"10":{"name":"(anonymous_10)","decl":{"start":{"line":93,"column":4},"end":{"line":93,"column":10}},"loc":{"start":{"line":93,"column":22},"end":{"line":98,"column":5}}}},"branchMap":{"0":{"loc":{"start":{"line":36,"column":8},"end":{"line":38,"column":null}},"type":"if","locations":[{"start":{"line":36,"column":8},"end":{"line":38,"column":null}}]},"1":{"loc":{"start":{"line":55,"column":12},"end":{"line":57,"column":null}},"type":"if","locations":[{"start":{"line":55,"column":12},"end":{"line":57,"column":null}}]},"2":{"loc":{"start":{"line":65,"column":16},"end":{"line":67,"column":null}},"type":"if","locations":[{"start":{"line":65,"column":16},"end":{"line":67,"column":null}}]},"3":{"loc":{"start":{"line":80,"column":8},"end":{"line":82,"column":null}},"type":"if","locations":[{"start":{"line":80,"column":8},"end":{"line":82,"column":null}}]}},"s":{"0":1,"1":1,"2":1,"3":3,"4":3,"5":3,"6":3,"7":3,"8":0,"9":0,"10":0,"11":0,"12":0,"13":0,"14":0,"15":0,"16":0,"17":0,"18":0,"19":0,"20":0,"21":0,"22":0,"23":0,"24":0,"25":2,"26":2,"27":2,"28":2,"29":0,"30":2,"31":2,"32":2,"33":0,"34":2,"35":1,"36":1,"37":1},"f":{"0":3,"1":0,"2":0,"3":0,"4":0,"5":0,"6":0,"7":2,"8":2,"9":2,"10":1},"b":{"0":[0],"1":[0],"2":[2],"3":[0]}}
,"/home/mathieson/code/meansofproduction/mop-domain/src/entities/mop-domain/src/entities/borrower.ts": {"path":"/home/mathieson/code/meansofproduction/mop-domain/src/entities/mop-domain/src/entities/borrower.ts","statementMap":{"0":{"start":{"line":2,"column":0},"end":{"line":2,"column":32}},"1":{"start":{"line":16,"column":8},"end":{"line":16,"column":null}},"2":{"start":{"line":17,"column":8},"end":{"line":17,"column":null}},"3":{"start":{"line":11,"column":0},"end":{"line":11,"column":13}}},"fnMap":{"0":{"name":"(anonymous_0)","decl":{"start":{"line":14,"column":4},"end":{"line":14,"column":16}},"loc":{"start":{"line":15,"column":96},"end":{"line":18,"column":5}}}},"branchMap":{"0":{"loc":{"start":{"line":15,"column":16},"end":{"line":15,"column":43}},"type":"default-arg","locations":[{"start":{"line":15,"column":41},"end":{"line":15,"column":43}}]},"1":{"loc":{"start":{"line":15,"column":45},"end":{"line":15,"column":96}},"type":"default-arg","locations":[{"start":{"line":15,"column":94},"end":{"line":15,"column":96}}]}},"s":{"0":2,"1":5,"2":5,"3":2},"f":{"0":5},"b":{"0":[3],"1":[5]}}
,"/home/mathieson/code/meansofproduction/mop-domain/src/entities/mop-domain/src/entities/loan.ts": {"path":"/home/mathieson/code/meansofproduction/mop-domain/src/entities/mop-domain/src/entities/loan.ts","statementMap":{"0":{"start":{"line":2,"column":0},"end":{"line":2,"column":52}},"1":{"start":{"line":6,"column":0},"end":{"line":6,"column":54}},"2":{"start":{"line":25,"column":31},"end":{"line":25,"column":35}},"3":{"start":{"line":32,"column":8},"end":{"line":32,"column":null}},"4":{"start":{"line":33,"column":8},"end":{"line":33,"column":null}},"5":{"start":{"line":34,"column":8},"end":{"line":34,"column":null}},"6":{"start":{"line":35,"column":8},"end":{"line":35,"column":null}},"7":{"start":{"line":36,"column":8},"end":{"line":36,"column":null}},"8":{"start":{"line":37,"column":8},"end":{"line":37,"column":null}},"9":{"start":{"line":38,"column":8},"end":{"line":42,"column":null}},"10":{"start":{"line":39,"column":12},"end":{"line":39,"column":null}},"11":{"start":{"line":41,"column":12},"end":{"line":41,"column":null}},"12":{"start":{"line":43,"column":8},"end":{"line":43,"column":null}},"13":{"start":{"line":46,"column":8},"end":{"line":48,"column":null}},"14":{"start":{"line":47,"column":12},"end":{"line":47,"column":null}},"15":{"start":{"line":49,"column":8},"end":{"line":49,"column":null}},"16":{"start":{"line":53,"column":8},"end":{"line":53,"column":null}},"17":{"start":{"line":56,"column":8},"end":{"line":56,"column":null}},"18":{"start":{"line":59,"column":8},"end":{"line":59,"column":null}},"19":{"start":{"line":62,"column":8},"end":{"line":62,"column":null}},"20":{"start":{"line":66,"column":8},"end":{"line":66,"column":null}},"21":{"start":{"line":67,"column":8},"end":{"line":67,"column":null}},"22":{"start":{"line":71,"column":8},"end":{"line":71,"column":null}},"23":{"start":{"line":72,"column":8},"end":{"line":72,"column":null}},"24":{"start":{"line":73,"column":8},"end":{"line":73,"column":null}},"25":{"start":{"line":20,"column":0},"end":{"line":20,"column":13}}},"fnMap":{"0":{"name":"(anonymous_0)","decl":{"start":{"line":30,"column":4},"end":{"line":30,"column":23}},"loc":{"start":{"line":31,"column":82},"end":{"line":44,"column":5}}},"1":{"name":"(anonymous_1)","decl":{"start":{"line":45,"column":4},"end":{"line":45,"column":15}},"loc":{"start":{"line":45,"column":21},"end":{"line":50,"column":5}}},"2":{"name":"(anonymous_2)","decl":{"start":{"line":52,"column":4},"end":{"line":52,"column":15}},"loc":{"start":{"line":52,"column":21},"end":{"line":54,"column":5}}},"3":{"name":"(anonymous_3)","decl":{"start":{"line":55,"column":4},"end":{"line":55,"column":15}},"loc":{"start":{"line":55,"column":34},"end":{"line":57,"column":5}}},"4":{"name":"(anonymous_4)","decl":{"start":{"line":58,"column":4},"end":{"line":58,"column":15}},"loc":{"start":{"line":58,"column":27},"end":{"line":60,"column":5}}},"5":{"name":"(anonymous_5)","decl":{"start":{"line":61,"column":4},"end":{"line":61,"column":15}},"loc":{"start":{"line":61,"column":21},"end":{"line":63,"column":5}}},"6":{"name":"(anonymous_6)","decl":{"start":{"line":65,"column":11},"end":{"line":65,"column":22}},"loc":{"start":{"line":65,"column":22},"end":{"line":68,"column":5}}},"7":{"name":"(anonymous_7)","decl":{"start":{"line":70,"column":11},"end":{"line":70,"column":26}},"loc":{"start":{"line":70,"column":26},"end":{"line":74,"column":5}}}},"branchMap":{"0":{"loc":{"start":{"line":30,"column":85},"end":{"line":30,"column":123}},"type":"default-arg","locations":[{"start":{"line":30,"column":106},"end":{"line":30,"column":123}}]},"1":{"loc":{"start":{"line":31,"column":23},"end":{"line":31,"column":61}},"type":"default-arg","locations":[{"start":{"line":31,"column":57},"end":{"line":31,"column":61}}]},"2":{"loc":{"start":{"line":38,"column":8},"end":{"line":42,"column":null}},"type":"if","locations":[{"start":{"line":38,"column":8},"end":{"line":42,"column":null}},{"start":{"line":40,"column":15},"end":{"line":42,"column":null}}]},"3":{"loc":{"start":{"line":46,"column":8},"end":{"line":48,"column":null}},"type":"if","locations":[{"start":{"line":46,"column":8},"end":{"line":48,"column":null}}]}},"s":{"0":2,"1":2,"2":5,"3":5,"4":5,"5":5,"6":5,"7":5,"8":5,"9":5,"10":2,"11":3,"12":5,"13":3,"14":0,"15":3,"16":4,"17":0,"18":0,"19":2,"20":2,"21":2,"22":1,"23":1,"24":1,"25":2},"f":{"0":5,"1":3,"2":4,"3":0,"4":0,"5":2,"6":2,"7":1},"b":{"0":[3],"1":[3],"2":[2,3],"3":[0]}}
,"/home/mathieson/code/meansofproduction/mop-domain/src/entities/mop-domain/src/entities/person.ts": {"path":"/home/mathieson/code/meansofproduction/mop-domain/src/entities/mop-domain/src/entities/person.ts","statementMap":{"0":{"start":{"line":10,"column":8},"end":{"line":10,"column":null}},"1":{"start":{"line":11,"column":8},"end":{"line":11,"column":null}},"2":{"start":{"line":12,"column":8},"end":{"line":12,"column":null}},"3":{"start":{"line":4,"column":0},"end":{"line":4,"column":13}}},"fnMap":{"0":{"name":"(anonymous_0)","decl":{"start":{"line":9,"column":4},"end":{"line":9,"column":16}},"loc":{"start":{"line":9,"column":73},"end":{"line":13,"column":5}}}},"branchMap":{"0":{"loc":{"start":{"line":9,"column":46},"end":{"line":9,"column":73}},"type":"default-arg","locations":[{"start":{"line":9,"column":71},"end":{"line":9,"column":73}}]}},"s":{"0":8,"1":8,"2":8,"3":2},"f":{"0":8},"b":{"0":[0]}}
,"/home/mathieson/code/meansofproduction/mop-domain/src/entities/mop-domain/src/entities/thing.ts": {"path":"/home/mathieson/code/meansofproduction/mop-domain/src/entities/mop-domain/src/entities/thing.ts","statementMap":{"0":{"start":{"line":1,"column":0},"end":{"line":1,"column":53}},"1":{"start":{"line":7,"column":0},"end":{"line":7,"column":44}},"2":{"start":{"line":26,"column":42},"end":{"line":26,"column":54}},"3":{"start":{"line":29,"column":35},"end":{"line":29,"column":52}},"4":{"start":{"line":30,"column":37},"end":{"line":30,"column":41}},"5":{"start":{"line":31,"column":43},"end":{"line":31,"column":47}},"6":{"start":{"line":46,"column":8},"end":{"line":46,"column":null}},"7":{"start":{"line":47,"column":8},"end":{"line":47,"column":null}},"8":{"start":{"line":48,"column":8},"end":{"line":48,"column":null}},"9":{"start":{"line":49,"column":8},"end":{"line":49,"column":null}},"10":{"start":{"line":50,"column":8},"end":{"line":50,"column":null}},"11":{"start":{"line":51,"column":8},"end":{"line":51,"column":null}},"12":{"start":{"line":52,"column":8},"end":{"line":52,"column":null}},"13":{"start":{"line":53,"column":8},"end":{"line":53,"column":null}},"14":{"start":{"line":54,"column":8},"end":{"line":54,"column":null}},"15":{"start":{"line":55,"column":8},"end":{"line":55,"column":null}},"16":{"start":{"line":59,"column":8},"end":{"line":59,"column":null}},"17":{"start":{"line":63,"column":8},"end":{"line":63,"column":null}},"18":{"start":{"line":22,"column":0},"end":{"line":22,"column":13}}},"fnMap":{"0":{"name":"(anonymous_0)","decl":{"start":{"line":34,"column":4},"end":{"line":34,"column":null}},"loc":{"start":{"line":44,"column":63},"end":{"line":56,"column":5}}},"1":{"name":"(anonymous_1)","decl":{"start":{"line":58,"column":4},"end":{"line":58,"column":8}},"loc":{"start":{"line":58,"column":14},"end":{"line":60,"column":5}}},"2":{"name":"(anonymous_2)","decl":{"start":{"line":62,"column":4},"end":{"line":62,"column":15}},"loc":{"start":{"line":62,"column":41},"end":{"line":64,"column":5}}}},"branchMap":{"0":{"loc":{"start":{"line":39,"column":8},"end":{"line":39,"column":54}},"type":"default-arg","locations":[{"start":{"line":39,"column":37},"end":{"line":39,"column":54}}]},"1":{"loc":{"start":{"line":40,"column":8},"end":{"line":40,"column":32}},"type":"default-arg","locations":[{"start":{"line":40,"column":30},"end":{"line":40,"column":32}}]},"2":{"loc":{"start":{"line":41,"column":8},"end":{"line":41,"column":32}},"type":"default-arg","locations":[{"start":{"line":41,"column":30},"end":{"line":41,"column":32}}]},"3":{"loc":{"start":{"line":42,"column":8},"end":{"line":42,"column":36}},"type":"default-arg","locations":[{"start":{"line":42,"column":32},"end":{"line":42,"column":36}}]},"4":{"loc":{"start":{"line":44,"column":8},"end":{"line":44,"column":63}},"type":"default-arg","locations":[{"start":{"line":44,"column":61},"end":{"line":44,"column":63}}]}},"s":{"0":2,"1":2,"2":5,"3":5,"4":5,"5":5,"6":5,"7":5,"8":5,"9":5,"10":5,"11":5,"12":5,"13":5,"14":5,"15":5,"16":2,"17":1,"18":2},"f":{"0":5,"1":2,"2":1},"b":{"0":[0],"1":[0],"2":[0],"3":[0],"4":[0]}}
,"/home/mathieson/code/meansofproduction/mop-domain/src/valueItems/mop-domain/src/valueItems/borrowCost.ts": {"path":"/home/mathieson/code/meansofproduction/mop-domain/src/valueItems/mop-domain/src/valueItems/borrowCost.ts","statementMap":{"0":{"start":{"line":12,"column":7},"end":{"line":12,"column":null}},"1":{"start":{"line":16,"column":8},"end":{"line":16,"column":null}},"2":{"start":{"line":20,"column":23},"end":{"line":20,"column":49}},"3":{"start":{"line":21,"column":8},"end":{"line":21,"column":null}},"4":{"start":{"line":25,"column":8},"end":{"line":25,"column":null}},"5":{"start":{"line":29,"column":8},"end":{"line":29,"column":null}},"6":{"start":{"line":8,"column":0},"end":{"line":8,"column":13}}},"fnMap":{"0":{"name":"(anonymous_0)","decl":{"start":{"line":11,"column":4},"end":{"line":11,"column":16}},"loc":{"start":{"line":11,"column":30},"end":{"line":13,"column":5}}},"1":{"name":"(anonymous_1)","decl":{"start":{"line":15,"column":4},"end":{"line":15,"column":8}},"loc":{"start":{"line":15,"column":14},"end":{"line":17,"column":5}}},"2":{"name":"(anonymous_2)","decl":{"start":{"line":19,"column":4},"end":{"line":19,"column":12}},"loc":{"start":{"line":19,"column":31},"end":{"line":22,"column":5}}},"3":{"name":"(anonymous_3)","decl":{"start":{"line":24,"column":4},"end":{"line":24,"column":7}},"loc":{"start":{"line":24,"column":26},"end":{"line":26,"column":5}}},"4":{"name":"(anonymous_4)","decl":{"start":{"line":28,"column":4},"end":{"line":28,"column":9}},"loc":{"start":{"line":28,"column":9},"end":{"line":30,"column":5}}}},"branchMap":{},"s":{"0":2,"1":1,"2":0,"3":0,"4":0,"5":0,"6":2},"f":{"0":2,"1":1,"2":0,"3":0,"4":0},"b":{}}
,"/home/mathieson/code/meansofproduction/mop-domain/src/valueItems/mop-domain/src/valueItems/emailAddress.ts": {"path":"/home/mathieson/code/meansofproduction/mop-domain/src/valueItems/mop-domain/src/valueItems/emailAddress.ts","statementMap":{"0":{"start":{"line":4,"column":8},"end":{"line":4,"column":null}},"1":{"start":{"line":1,"column":0},"end":{"line":1,"column":13}}},"fnMap":{"0":{"name":"(anonymous_0)","decl":{"start":{"line":3,"column":4},"end":{"line":3,"column":23}},"loc":{"start":{"line":3,"column":36},"end":{"line":5,"column":5}}}},"branchMap":{},"s":{"0":3,"1":1},"f":{"0":3},"b":{}}
,"/home/mathieson/code/meansofproduction/mop-domain/src/valueItems/mop-domain/src/valueItems/exceptions.ts": {"path":"/home/mathieson/code/meansofproduction/mop-domain/src/valueItems/mop-domain/src/valueItems/exceptions.ts","statementMap":{"0":{"start":{"line":8,"column":8},"end":{"line":8,"column":null}},"1":{"start":{"line":9,"column":8},"end":{"line":9,"column":null}},"2":{"start":{"line":4,"column":0},"end":{"line":4,"column":13}},"3":{"start":{"line":18,"column":8},"end":{"line":18,"column":78}},"4":{"start":{"line":19,"column":8},"end":{"line":19,"column":null}},"5":{"start":{"line":20,"column":8},"end":{"line":20,"column":null}},"6":{"start":{"line":13,"column":0},"end":{"line":13,"column":13}},"7":{"start":{"line":28,"column":8},"end":{"line":28,"column":71}},"8":{"start":{"line":29,"column":8},"end":{"line":29,"column":null}},"9":{"start":{"line":24,"column":0},"end":{"line":24,"column":13}}},"fnMap":{"0":{"name":"(anonymous_0)","decl":{"start":{"line":7,"column":4},"end":{"line":7,"column":16}},"loc":{"start":{"line":7,"column":47},"end":{"line":10,"column":5}}},"1":{"name":"(anonymous_1)","decl":{"start":{"line":17,"column":4},"end":{"line":17,"column":16}},"loc":{"start":{"line":17,"column":61},"end":{"line":21,"column":5}}},"2":{"name":"(anonymous_2)","decl":{"start":{"line":27,"column":4},"end":{"line":27,"column":16}},"loc":{"start":{"line":27,"column":35},"end":{"line":30,"column":5}}}},"branchMap":{},"s":{"0":0,"1":0,"2":1,"3":0,"4":0,"5":0,"6":1,"7":0,"8":0,"9":1},"f":{"0":0,"1":0,"2":0},"b":{}}
,"/home/mathieson/code/meansofproduction/mop-domain/src/valueItems/mop-domain/src/valueItems/loanStatus.ts": {"path":"/home/mathieson/code/meansofproduction/mop-domain/src/valueItems/mop-domain/src/valueItems/loanStatus.ts","statementMap":{"0":{"start":{"line":1,"column":0},"end":{"line":1,"column":null}},"1":{"start":{"line":2,"column":4},"end":{"line":2,"column":null}},"2":{"start":{"line":3,"column":4},"end":{"line":3,"column":null}},"3":{"start":{"line":4,"column":4},"end":{"line":4,"column":null}},"4":{"start":{"line":5,"column":4},"end":{"line":5,"column":null}},"5":{"start":{"line":6,"column":4},"end":{"line":6,"column":null}},"6":{"start":{"line":7,"column":4},"end":{"line":7,"column":null}},"7":{"start":{"line":8,"column":4},"end":{"line":8,"column":13}}},"fnMap":{"0":{"name":"(anonymous_0)","decl":{"start":{"line":1,"column":0},"end":{"line":1,"column":12}},"loc":{"start":{"line":1,"column":22},"end":{"line":9,"column":1}}}},"branchMap":{"0":{"loc":{"start":{"line":1,"column":12},"end":{"line":1,"column":null}},"type":"binary-expr","locations":[{"start":{"line":1,"column":12},"end":{"line":1,"column":22}},{"start":{"line":1,"column":12},"end":{"line":1,"column":null}}]}},"s":{"0":2,"1":2,"2":2,"3":2,"4":2,"5":2,"6":2,"7":2},"f":{"0":2},"b":{"0":[2,2]}}
,"/home/mathieson/code/meansofproduction/mop-domain/src/valueItems/mop-domain/src/valueItems/location.ts": {"path":"/home/mathieson/code/meansofproduction/mop-domain/src/valueItems/mop-domain/src/valueItems/location.ts","statementMap":{"0":{"start":{"line":7,"column":8},"end":{"line":7,"column":null}},"1":{"start":{"line":8,"column":8},"end":{"line":8,"column":null}},"2":{"start":{"line":9,"column":8},"end":{"line":9,"column":null}},"3":{"start":{"line":1,"column":0},"end":{"line":1,"column":13}}},"fnMap":{"0":{"name":"(anonymous_0)","decl":{"start":{"line":6,"column":4},"end":{"line":6,"column":16}},"loc":{"start":{"line":6,"column":82},"end":{"line":10,"column":5}}}},"branchMap":{"0":{"loc":{"start":{"line":6,"column":53},"end":{"line":6,"column":82}},"type":"default-arg","locations":[{"start":{"line":6,"column":78},"end":{"line":6,"column":82}}]}},"s":{"0":2,"1":2,"2":2,"3":2},"f":{"0":2},"b":{"0":[2]}}
,"/home/mathieson/code/meansofproduction/mop-domain/src/valueItems/mop-domain/src/valueItems/money.ts": {"path":"/home/mathieson/code/meansofproduction/mop-domain/src/valueItems/mop-domain/src/valueItems/money.ts","statementMap":{"0":{"start":{"line":5,"column":8},"end":{"line":5,"column":null}},"1":{"start":{"line":9,"column":8},"end":{"line":9,"column":null}},"2":{"start":{"line":1,"column":0},"end":{"line":1,"column":13}}},"fnMap":{"0":{"name":"(anonymous_0)","decl":{"start":{"line":4,"column":4},"end":{"line":4,"column":16}},"loc":{"start":{"line":4,"column":30},"end":{"line":6,"column":5}}},"1":{"name":"(anonymous_1)","decl":{"start":{"line":8,"column":4},"end":{"line":8,"column":10}},"loc":{"start":{"line":8,"column":19},"end":{"line":10,"column":5}}}},"branchMap":{},"s":{"0":3,"1":3,"2":1},"f":{"0":3,"1":3},"b":{}}
,"/home/mathieson/code/meansofproduction/mop-domain/src/valueItems/mop-domain/src/valueItems/noCost.ts": {"path":"/home/mathieson/code/meansofproduction/mop-domain/src/valueItems/mop-domain/src/valueItems/noCost.ts","statementMap":{"0":{"start":{"line":5,"column":8},"end":{"line":5,"column":null}},"1":{"start":{"line":9,"column":8},"end":{"line":9,"column":null}},"2":{"start":{"line":13,"column":8},"end":{"line":13,"column":null}},"3":{"start":{"line":17,"column":8},"end":{"line":17,"column":null}},"4":{"start":{"line":3,"column":0},"end":{"line":3,"column":13}}},"fnMap":{"0":{"name":"(anonymous_0)","decl":{"start":{"line":4,"column":4},"end":{"line":4,"column":8}},"loc":{"start":{"line":4,"column":14},"end":{"line":6,"column":5}}},"1":{"name":"(anonymous_1)","decl":{"start":{"line":8,"column":4},"end":{"line":8,"column":12}},"loc":{"start":{"line":8,"column":31},"end":{"line":10,"column":5}}},"2":{"name":"(anonymous_2)","decl":{"start":{"line":12,"column":4},"end":{"line":12,"column":7}},"loc":{"start":{"line":12,"column":26},"end":{"line":14,"column":5}}},"3":{"name":"(anonymous_3)","decl":{"start":{"line":16,"column":4},"end":{"line":16,"column":9}},"loc":{"start":{"line":16,"column":9},"end":{"line":18,"column":5}}}},"branchMap":{},"s":{"0":0,"1":0,"2":0,"3":0,"4":2},"f":{"0":0,"1":0,"2":0,"3":0},"b":{}}
,"/home/mathieson/code/meansofproduction/mop-domain/src/valueItems/mop-domain/src/valueItems/personName.ts": {"path":"/home/mathieson/code/meansofproduction/mop-domain/src/valueItems/mop-domain/src/valueItems/personName.ts","statementMap":{"0":{"start":{"line":7,"column":8},"end":{"line":7,"column":null}},"1":{"start":{"line":8,"column":8},"end":{"line":8,"column":null}},"2":{"start":{"line":9,"column":8},"end":{"line":9,"column":null}},"3":{"start":{"line":1,"column":0},"end":{"line":1,"column":13}}},"fnMap":{"0":{"name":"(anonymous_0)","decl":{"start":{"line":6,"column":4},"end":{"line":6,"column":16}},"loc":{"start":{"line":6,"column":76},"end":{"line":10,"column":5}}}},"branchMap":{"0":{"loc":{"start":{"line":6,"column":53},"end":{"line":6,"column":76}},"type":"default-arg","locations":[{"start":{"line":6,"column":74},"end":{"line":6,"column":76}}]}},"s":{"0":8,"1":8,"2":8,"3":2},"f":{"0":8},"b":{"0":[8]}}
,"/home/mathieson/code/meansofproduction/mop-domain/src/valueItems/mop-domain/src/valueItems/thingStatus.ts": {"path":"/home/mathieson/code/meansofproduction/mop-domain/src/valueItems/mop-domain/src/valueItems/thingStatus.ts","statementMap":{"0":{"start":{"line":1,"column":0},"end":{"line":1,"column":null}},"1":{"start":{"line":2,"column":4},"end":{"line":2,"column":null}},"2":{"start":{"line":3,"column":4},"end":{"line":3,"column":null}},"3":{"start":{"line":4,"column":4},"end":{"line":4,"column":null}},"4":{"start":{"line":5,"column":4},"end":{"line":5,"column":null}},"5":{"start":{"line":6,"column":4},"end":{"line":6,"column":null}}},"fnMap":{"0":{"name":"(anonymous_0)","decl":{"start":{"line":1,"column":0},"end":{"line":1,"column":12}},"loc":{"start":{"line":1,"column":23},"end":{"line":7,"column":1}}}},"branchMap":{"0":{"loc":{"start":{"line":1,"column":12},"end":{"line":1,"column":null}},"type":"binary-expr","locations":[{"start":{"line":1,"column":12},"end":{"line":1,"column":23}},{"start":{"line":1,"column":12},"end":{"line":1,"column":null}}]}},"s":{"0":2,"1":2,"2":2,"3":2,"4":2,"5":2},"f":{"0":2},"b":{"0":[2,2]}}
}
