TN:
SF:src/entities/lenders/mop-domain/src/entities/lenders/individualDistributedLender.ts
FN:16,(anonymous_0)
FN:22,(anonymous_1)
FN:26,(anonymous_2)
FN:31,(anonymous_3)
FN:35,(anonymous_4)
FNF:5
FNH:3
FNDA:3,(anonymous_0)
FNDA:0,(anonymous_1)
FNDA:0,(anonymous_2)
FNDA:2,(anonymous_3)
FNDA:2,(anonymous_4)
DA:2,1
DA:12,1
DA:17,3
DA:18,3
DA:19,3
DA:24,0
DA:28,0
DA:32,2
DA:36,2
DA:37,2
LF:10
LH:8
BRDA:16,0,0,0
BRDA:36,1,0,0
BRF:2
BRH:0
end_of_record
TN:
SF:src/entities/libraries/mop-domain/src/entities/libraries/distributedLibrary.ts
FN:17,(anonymous_0)
FN:26,(anonymous_1)
FN:30,(anonymous_2)
FN:34,(anonymous_3)
FN:35,(anonymous_4)
FN:42,(anonymous_5)
FN:52,(anonymous_6)
FN:62,(anonymous_7)
FN:73,(anonymous_8)
FN:77,(anonymous_9)
FN:93,(anonymous_10)
FNF:11
FNH:5
FNDA:3,(anonymous_0)
FNDA:0,(anonymous_1)
FNDA:0,(anonymous_2)
FNDA:0,(anonymous_3)
FNDA:0,(anonymous_4)
FNDA:0,(anonymous_5)
FNDA:0,(anonymous_6)
FNDA:2,(anonymous_7)
FNDA:2,(anonymous_8)
FNDA:2,(anonymous_9)
FNDA:1,(anonymous_10)
DA:4,1
DA:5,1
DA:7,1
DA:10,1
DA:18,3
DA:19,3
DA:21,3
DA:22,3
DA:23,3
DA:27,0
DA:31,0
DA:35,0
DA:36,0
DA:37,0
DA:39,0
DA:43,0
DA:44,0
DA:45,0
DA:46,0
DA:49,0
DA:53,0
DA:54,0
DA:55,0
DA:56,0
DA:59,0
DA:63,2
DA:64,2
DA:65,2
DA:66,2
DA:70,0
DA:74,2
DA:79,2
DA:80,2
DA:81,0
DA:83,2
DA:95,1
DA:97,1
LF:37
LH:19
BRDA:36,0,0,0
BRDA:55,1,0,0
BRDA:65,2,0,2
BRDA:80,3,0,0
BRF:4
BRH:1
end_of_record
TN:
SF:src/entities/mop-domain/src/entities/borrower.ts
FN:14,(anonymous_0)
FNF:1
FNH:1
FNDA:5,(anonymous_0)
DA:2,2
DA:11,2
DA:16,5
DA:17,5
LF:4
LH:4
BRDA:15,0,0,3
BRDA:15,1,0,5
BRF:2
BRH:2
end_of_record
TN:
SF:src/entities/mop-domain/src/entities/loan.ts
FN:30,(anonymous_0)
FN:45,(anonymous_1)
FN:52,(anonymous_2)
FN:55,(anonymous_3)
FN:58,(anonymous_4)
FN:61,(anonymous_5)
FN:65,(anonymous_6)
FN:70,(anonymous_7)
FNF:8
FNH:6
FNDA:5,(anonymous_0)
FNDA:3,(anonymous_1)
FNDA:4,(anonymous_2)
FNDA:0,(anonymous_3)
FNDA:0,(anonymous_4)
FNDA:2,(anonymous_5)
FNDA:2,(anonymous_6)
FNDA:1,(anonymous_7)
DA:2,2
DA:6,2
DA:20,2
DA:25,5
DA:32,5
DA:33,5
DA:34,5
DA:35,5
DA:36,5
DA:37,5
DA:38,5
DA:39,2
DA:41,3
DA:43,5
DA:46,3
DA:47,0
DA:49,3
DA:53,4
DA:56,0
DA:59,0
DA:62,2
DA:66,2
DA:67,2
DA:71,1
DA:72,1
DA:73,1
LF:26
LH:23
BRDA:30,0,0,3
BRDA:31,1,0,3
BRDA:38,2,0,2
BRDA:38,2,1,3
BRDA:46,3,0,0
BRF:5
BRH:4
end_of_record
TN:
SF:src/entities/mop-domain/src/entities/person.ts
FN:9,(anonymous_0)
FNF:1
FNH:1
FNDA:8,(anonymous_0)
DA:4,2
DA:10,8
DA:11,8
DA:12,8
LF:4
LH:4
BRDA:9,0,0,0
BRF:1
BRH:0
end_of_record
TN:
SF:src/entities/mop-domain/src/entities/thing.ts
FN:34,(anonymous_0)
FN:58,(anonymous_1)
FN:62,(anonymous_2)
FNF:3
FNH:3
FNDA:5,(anonymous_0)
FNDA:2,(anonymous_1)
FNDA:1,(anonymous_2)
DA:1,2
DA:7,2
DA:22,2
DA:26,5
DA:29,5
DA:30,5
DA:31,5
DA:46,5
DA:47,5
DA:48,5
DA:49,5
DA:50,5
DA:51,5
DA:52,5
DA:53,5
DA:54,5
DA:55,5
DA:59,2
DA:63,1
LF:19
LH:19
BRDA:39,0,0,0
BRDA:40,1,0,0
BRDA:41,2,0,0
BRDA:42,3,0,0
BRDA:44,4,0,0
BRF:5
BRH:0
end_of_record
TN:
SF:src/valueItems/mop-domain/src/valueItems/borrowCost.ts
FN:11,(anonymous_0)
FN:15,(anonymous_1)
FN:19,(anonymous_2)
FN:24,(anonymous_3)
FN:28,(anonymous_4)
FNF:5
FNH:2
FNDA:2,(anonymous_0)
FNDA:1,(anonymous_1)
FNDA:0,(anonymous_2)
FNDA:0,(anonymous_3)
FNDA:0,(anonymous_4)
DA:8,2
DA:12,2
DA:16,1
DA:20,0
DA:21,0
DA:25,0
DA:29,0
LF:7
LH:3
BRF:0
BRH:0
end_of_record
TN:
SF:src/valueItems/mop-domain/src/valueItems/emailAddress.ts
FN:3,(anonymous_0)
FNF:1
FNH:1
FNDA:3,(anonymous_0)
DA:1,1
DA:4,3
LF:2
LH:2
BRF:0
BRH:0
end_of_record
TN:
SF:src/valueItems/mop-domain/src/valueItems/exceptions.ts
FN:7,(anonymous_0)
FN:17,(anonymous_1)
FN:27,(anonymous_2)
FNF:3
FNH:0
FNDA:0,(anonymous_0)
FNDA:0,(anonymous_1)
FNDA:0,(anonymous_2)
DA:4,1
DA:8,0
DA:9,0
DA:13,1
DA:18,0
DA:19,0
DA:20,0
DA:24,1
DA:28,0
DA:29,0
LF:10
LH:3
BRF:0
BRH:0
end_of_record
TN:
SF:src/valueItems/mop-domain/src/valueItems/loanStatus.ts
FN:1,(anonymous_0)
FNF:1
FNH:1
FNDA:2,(anonymous_0)
DA:1,2
DA:2,2
DA:3,2
DA:4,2
DA:5,2
DA:6,2
DA:7,2
DA:8,2
LF:8
LH:8
BRDA:1,0,0,2
BRDA:1,0,1,2
BRF:2
BRH:2
end_of_record
TN:
SF:src/valueItems/mop-domain/src/valueItems/location.ts
FN:6,(anonymous_0)
FNF:1
FNH:1
FNDA:2,(anonymous_0)
DA:1,2
DA:7,2
DA:8,2
DA:9,2
LF:4
LH:4
BRDA:6,0,0,2
BRF:1
BRH:1
end_of_record
TN:
SF:src/valueItems/mop-domain/src/valueItems/money.ts
FN:4,(anonymous_0)
FN:8,(anonymous_1)
FNF:2
FNH:2
FNDA:3,(anonymous_0)
FNDA:3,(anonymous_1)
DA:1,1
DA:5,3
DA:9,3
LF:3
LH:3
BRF:0
BRH:0
end_of_record
TN:
SF:src/valueItems/mop-domain/src/valueItems/noCost.ts
FN:4,(anonymous_0)
FN:8,(anonymous_1)
FN:12,(anonymous_2)
FN:16,(anonymous_3)
FNF:4
FNH:0
FNDA:0,(anonymous_0)
FNDA:0,(anonymous_1)
FNDA:0,(anonymous_2)
FNDA:0,(anonymous_3)
DA:3,2
DA:5,0
DA:9,0
DA:13,0
DA:17,0
LF:5
LH:1
BRF:0
BRH:0
end_of_record
TN:
SF:src/valueItems/mop-domain/src/valueItems/personName.ts
FN:6,(anonymous_0)
FNF:1
FNH:1
FNDA:8,(anonymous_0)
DA:1,2
DA:7,8
DA:8,8
DA:9,8
LF:4
LH:4
BRDA:6,0,0,8
BRF:1
BRH:1
end_of_record
TN:
SF:src/valueItems/mop-domain/src/valueItems/thingStatus.ts
FN:1,(anonymous_0)
FNF:1
FNH:1
FNDA:2,(anonymous_0)
DA:1,2
DA:2,2
DA:3,2
DA:4,2
DA:5,2
DA:6,2
LF:6
LH:6
BRDA:1,0,0,2
BRDA:1,0,1,2
BRF:2
BRH:2
end_of_record
